<?xml version="1.0" encoding="UTF-8"?>
<testng-results ignored="0" total="1" passed="1" failed="0" skipped="0">
  <reporter-output>
  </reporter-output>
  <suite started-at="2023-03-03T09:31:20 IST" name="Default suite" finished-at="2023-03-03T09:31:33 IST" duration-ms="13858">
    <groups>
    </groups>
    <test started-at="2023-03-03T09:31:20 IST" name="Default test" finished-at="2023-03-03T09:31:33 IST" duration-ms="13858">
      <class name="com.utils.ElectricityCostData">
        <test-method is-config="true" signature="beforeMethod()[pri:0, instance:com.utils.ElectricityCostData@1bd4fdd]" started-at="2023-03-03T09:31:20 IST" name="beforeMethod" finished-at="2023-03-03T09:31:27 IST" duration-ms="7516" status="PASS">
          <reporter-output>
          </reporter-output>
        </test-method> <!-- beforeMethod -->
        <test-method signature="electricyCost()[pri:0, instance:com.utils.ElectricityCostData@1bd4fdd]" started-at="2023-03-03T09:31:27 IST" name="electricyCost" finished-at="2023-03-03T09:31:33 IST" duration-ms="6153" status="PASS">
          <reporter-output>
          </reporter-output>
        </test-method> <!-- electricyCost -->
        <test-method is-config="true" signature="afterMethod()[pri:0, instance:com.utils.ElectricityCostData@1bd4fdd]" started-at="2023-03-03T09:31:33 IST" name="afterMethod" finished-at="2023-03-03T09:31:33 IST" duration-ms="162" status="PASS">
          <reporter-output>
          </reporter-output>
        </test-method> <!-- afterMethod -->
      </class> <!-- com.utils.ElectricityCostData -->
    </test> <!-- Default test -->
  </suite> <!-- Default suite -->
</testng-results>
